Flat profile:

Each sample counts as 0.01 seconds.
  %   cumulative   self              self     total           
 time   seconds   seconds    calls  ms/call  ms/call  name    
 45.97      4.67     4.67                             oak_bench()
 41.94      8.93     4.26 2684354560     0.00     0.00  oak::ComponentStorage::getComponent(oak::EntityId)
  5.51      9.49     0.56  2621440     0.00     0.00  oak::ComponentStorage::removeComponent(oak::EntityId)
  2.95      9.79     0.30  1040384     0.00     0.00  std::vector<anax::detail::EntityComponentStorage::EntityComponents, std::allocator<anax::detail::EntityComponentStorage::EntityComponents> >::_M_default_append(unsigned long)
  0.79      9.87     0.08        1    80.01   650.11  oak::Scene::reset()
  0.69      9.94     0.07        1    70.01    70.01  anax::detail::EntityComponentStorage::clear()
  0.30      9.97     0.03  2621440     0.00     0.00  oak::PoolAllocator::allocate(unsigned long)
  0.30     10.00     0.03  2097152     0.00     0.00  std::vector<bool, std::scoped_allocator_adaptor<oak::OakAllocator<bool>> >::_M_fill_insert(std::_Bit_iterator, unsigned long, bool)
  0.20     10.02     0.02       61     0.33     0.33  void std::vector<oak::EntityId, std::scoped_allocator_adaptor<oak::OakAllocator<oak::EntityId>> >::_M_emplace_back_aux<oak::EntityId const&>(oak::EntityId const&)
  0.10     10.03     0.01  2621444     0.00     0.00  std::vector<void*, std::scoped_allocator_adaptor<oak::OakAllocator<void*>> >::_M_default_append(unsigned long)
  0.10     10.04     0.01  1048576     0.00     0.00  oak::LinearAllocator::allocate(unsigned long)
  0.10     10.05     0.01  1048576     0.00     0.00  oak::TypeHandle<TransformComponent>::destruct(void*) const
  0.10     10.06     0.01  1048576     0.00     0.00  anax::detail::EntityIdPool::getSize() const
  0.10     10.07     0.01  1048576     0.00     0.00  std::vector<std::bitset<4ul>, std::scoped_allocator_adaptor<oak::OakAllocator<std::bitset<4ul> >> >::_M_default_append(unsigned long)
  0.10     10.08     0.01  1040384     0.00     0.00  anax::detail::EntityIdPool::resize(unsigned long)
  0.10     10.09     0.01  1040384     0.00     0.00  anax::detail::EntityComponentStorage::resize(unsigned long)
  0.10     10.10     0.01  1040384     0.00     0.00  std::vector<anax::World::EntityAttributes::Attribute, std::allocator<anax::World::EntityAttributes::Attribute> >::_M_default_append(unsigned long)
  0.10     10.11     0.01   524288     0.00     0.00  oak::TypeHandle<DrawComponent>::construct(void*) const
  0.10     10.12     0.01     5918     0.00     0.00  oak::FreelistAllocator::deallocate(void*, unsigned long)
  0.10     10.13     0.01     5918     0.00     0.00  oak::FreelistAllocator::allocate(unsigned long)
  0.10     10.14     0.01        4     2.50     4.45  oak::PoolAllocator::~PoolAllocator()
  0.10     10.15     0.01        2     5.00     5.00  void std::__introsort_loop<__gnu_cxx::__normal_iterator<oak::EntityId*, std::vector<oak::EntityId, std::scoped_allocator_adaptor<oak::OakAllocator<oak::EntityId>> > >, long, __gnu_cxx::__ops::_Iter_comp_iter<oak::EntityCache::sort()::{lambda(oak::EntityId const&, oak::EntityId const&)#1}> >(__gnu_cxx::__normal_iterator<oak::EntityId*, std::vector<oak::EntityId, std::scoped_allocator_adaptor<oak::OakAllocator<oak::EntityId>> > >, __gnu_cxx::__ops::_Iter_comp_iter<oak::EntityCache::sort()::{lambda(oak::EntityId const&, oak::EntityId const&)#1}>, long, __gnu_cxx::__ops::_Iter_comp_iter<oak::EntityCache::sort()::{lambda(oak::EntityId const&, oak::EntityId const&)#1}>)
  0.10     10.16     0.01        1    10.00    80.01  anax::World::clear()
  0.00     10.16     0.00  3670016     0.00     0.00  anax::Entity::getId() const
  0.00     10.16     0.00  2621440     0.00     0.00  oak::PoolAllocator::deallocate(void*, unsigned long)
  0.00     10.16     0.00  2621440     0.00     0.00  oak::ComponentStorage::addComponent(oak::EntityId)
  0.00     10.16     0.00  2621440     0.00     0.00  oak::Scene::addComponent(oak::EntityId, unsigned long)
  0.00     10.16     0.00  2621440     0.00     0.00  anax::Entity::addComponent(anax::Component*, unsigned long)
  0.00     10.16     0.00  2621440     0.00     0.00  anax::detail::EntityComponentStorage::addComponent(anax::Entity&, anax::Component*, unsigned long)
  0.00     10.16     0.00  2097152     0.00     0.00  oak::EntityCache::addEntity(oak::EntityId)
  0.00     10.16     0.00  2097152     0.00     0.00  oak::Scene::getComponentFilter(oak::EntityId) const
  0.00     10.16     0.00  1048576     0.00     0.00  oak::Scene::createEntity()
  0.00     10.16     0.00  1048576     0.00     0.00  oak::Scene::activateEntity(oak::EntityId)
  0.00     10.16     0.00  1048576     0.00     0.00  anax::World::createEntity()
  0.00     10.16     0.00  1048576     0.00     0.00  anax::World::activateEntity(anax::Entity&)
  0.00     10.16     0.00  1048576     0.00     0.00  anax::Entity::activate()
  0.00     10.16     0.00  1048576     0.00     0.00  anax::Entity::Entity(anax::World&, anax::Entity::Id)
  0.00     10.16     0.00  1048576     0.00     0.00  anax::detail::EntityIdPool::create()
  0.00     10.16     0.00  1048576     0.00     0.00  oak::TypeHandle<TransformComponent>::construct(void*) const
  0.00     10.16     0.00  1048576     0.00     0.00  std::vector<std::bitset<64ul>, std::scoped_allocator_adaptor<oak::OakAllocator<std::bitset<64ul> >> >::_M_default_append(unsigned long)
  0.00     10.16     0.00   524288     0.00     0.00  oak::TypeHandle<BoxComponent>::destruct(void*) const
  0.00     10.16     0.00   524288     0.00     0.00  oak::TypeHandle<BoxComponent>::construct(void*) const
  0.00     10.16     0.00   524288     0.00     0.00  oak::TypeHandle<DrawComponent>::destruct(void*) const
  0.00     10.16     0.00   524288     0.00     0.00  oak::TypeHandle<VelocityComponent>::destruct(void*) const
  0.00     10.16     0.00   524288     0.00     0.00  oak::TypeHandle<VelocityComponent>::construct(void*) const
  0.00     10.16     0.00     4096     0.00     0.00  oak::LinearAllocator::clear()
  0.00     10.16     0.00     2048     0.00     0.00  anax::detail::BaseSystem::getEntities() const
  0.00     10.16     0.00     1024     0.00     0.00  oak::EventManager::clear()
  0.00     10.16     0.00     1024     0.00     0.00  anax::World::refresh()
  0.00     10.16     0.00       21     0.00     0.00  void std::vector<anax::Entity, std::allocator<anax::Entity> >::_M_emplace_back_aux<anax::Entity const&>(anax::Entity const&)
  0.00     10.16     0.00       21     0.00     0.00  void std::vector<anax::Entity, std::allocator<anax::Entity> >::_M_emplace_back_aux<anax::World&, anax::Entity::Id>(anax::World&, anax::Entity::Id&&)
  0.00     10.16     0.00       21     0.00     0.00  void std::vector<unsigned int, std::scoped_allocator_adaptor<oak::OakAllocator<unsigned int>> >::_M_emplace_back_aux<unsigned int>(unsigned int&&)
  0.00     10.16     0.00       20     0.00     0.00  void std::vector<std::pair<glm::tvec2<float, (glm::precision)0>, unsigned long>, std::scoped_allocator_adaptor<oak::OakAllocator<std::pair<glm::tvec2<float, (glm::precision)0>, unsigned long> >> >::_M_emplace_back_aux<std::pair<glm::tvec2<float, (glm::precision)0>, unsigned long> >(std::pair<glm::tvec2<float, (glm::precision)0>, unsigned long>&&)
  0.00     10.16     0.00       12     0.00     0.00  anax_bench()::PSYS::~PSYS()
  0.00     10.16     0.00        6     0.00     0.00  oak::ProxyAllocator::deallocate(void*, unsigned long)
  0.00     10.16     0.00        6     0.00     0.00  oak::ProxyAllocator::allocate(unsigned long)
  0.00     10.16     0.00        4     0.00     0.00  oak::PoolAllocator::PoolAllocator(oak::Allocator*, unsigned long, unsigned long, unsigned int)
  0.00     10.16     0.00        4     0.00     0.00  oak::LinearAllocator::LinearAllocator(oak::Allocator*, unsigned long, unsigned int)
  0.00     10.16     0.00        4     0.00     0.43  oak::LinearAllocator::~LinearAllocator()
  0.00     10.16     0.00        4     0.00     0.00  oak::ComponentStorage::ComponentStorage(oak::TypeHandleBase const*)
  0.00     10.16     0.00        4     0.00     0.00  oak::ComponentStorage::~ComponentStorage()
  0.00     10.16     0.00        4     0.00     0.00  oak::Scene::addComponentStorage(unsigned long, oak::ComponentStorage&)
  0.00     10.16     0.00        4     0.00     0.00  std::_Hashtable<std::__cxx11::basic_string<char, std::char_traits<char>, std::scoped_allocator_adaptor<oak::OakAllocator<char>> >, std::pair<std::__cxx11::basic_string<char, std::char_traits<char>, std::scoped_allocator_adaptor<oak::OakAllocator<char>> > const, unsigned long>, std::scoped_allocator_adaptor<oak::OakAllocator<std::pair<std::__cxx11::basic_string<char, std::char_traits<char>, std::scoped_allocator_adaptor<oak::OakAllocator<char>> > const, unsigned long> >>, std::__detail::_Select1st, std::equal_to<std::__cxx11::basic_string<char, std::char_traits<char>, std::scoped_allocator_adaptor<oak::OakAllocator<char>> > >, std::hash<std::__cxx11::basic_string<char, std::char_traits<char>, std::scoped_allocator_adaptor<oak::OakAllocator<char>> > >, std::__detail::_Mod_range_hashing, std::__detail::_Default_ranged_hash, std::__detail::_Prime_rehash_policy, std::__detail::_Hashtable_traits<true, false, true> >::find(std::__cxx11::basic_string<char, std::char_traits<char>, std::scoped_allocator_adaptor<oak::OakAllocator<char>> > const&) const
  0.00     10.16     0.00        4     0.00     0.00  std::_Hashtable<std::__cxx11::basic_string<char, std::char_traits<char>, std::scoped_allocator_adaptor<oak::OakAllocator<char>> >, std::pair<std::__cxx11::basic_string<char, std::char_traits<char>, std::scoped_allocator_adaptor<oak::OakAllocator<char>> > const, unsigned long>, std::scoped_allocator_adaptor<oak::OakAllocator<std::pair<std::__cxx11::basic_string<char, std::char_traits<char>, std::scoped_allocator_adaptor<oak::OakAllocator<char>> > const, unsigned long> >>, std::__detail::_Select1st, std::equal_to<std::__cxx11::basic_string<char, std::char_traits<char>, std::scoped_allocator_adaptor<oak::OakAllocator<char>> > >, std::hash<std::__cxx11::basic_string<char, std::char_traits<char>, std::scoped_allocator_adaptor<oak::OakAllocator<char>> > >, std::__detail::_Mod_range_hashing, std::__detail::_Default_ranged_hash, std::__detail::_Prime_rehash_policy, std::__detail::_Hashtable_traits<true, false, true> >::_M_insert_unique_node(unsigned long, unsigned long, std::__detail::_Hash_node<std::pair<std::__cxx11::basic_string<char, std::char_traits<char>, std::scoped_allocator_adaptor<oak::OakAllocator<char>> > const, unsigned long>, true>*)
  0.00     10.16     0.00        4     0.00     0.00  std::vector<oak::EventQueueBase*, std::scoped_allocator_adaptor<oak::OakAllocator<oak::EventQueueBase*>> >::_M_default_append(unsigned long)
  0.00     10.16     0.00        4     0.00     0.00  std::__detail::_Map_base<std::__cxx11::basic_string<char, std::char_traits<char>, std::scoped_allocator_adaptor<oak::OakAllocator<char>> >, std::pair<std::__cxx11::basic_string<char, std::char_traits<char>, std::scoped_allocator_adaptor<oak::OakAllocator<char>> > const, unsigned long>, std::scoped_allocator_adaptor<oak::OakAllocator<std::pair<std::__cxx11::basic_string<char, std::char_traits<char>, std::scoped_allocator_adaptor<oak::OakAllocator<char>> > const, unsigned long> >>, std::__detail::_Select1st, std::equal_to<std::__cxx11::basic_string<char, std::char_traits<char>, std::scoped_allocator_adaptor<oak::OakAllocator<char>> > >, std::hash<std::__cxx11::basic_string<char, std::char_traits<char>, std::scoped_allocator_adaptor<oak::OakAllocator<char>> > >, std::__detail::_Mod_range_hashing, std::__detail::_Default_ranged_hash, std::__detail::_Prime_rehash_policy, std::__detail::_Hashtable_traits<true, false, true>, true>::operator[](std::__cxx11::basic_string<char, std::char_traits<char>, std::scoped_allocator_adaptor<oak::OakAllocator<char>> > const&)
  0.00     10.16     0.00        3     0.00     0.00  void std::vector<std::pair<std::__cxx11::basic_string<char, std::char_traits<char>, std::allocator<char> >, std::chrono::duration<long, std::ratio<1l, 1000000000l> > >, std::allocator<std::pair<std::__cxx11::basic_string<char, std::char_traits<char>, std::allocator<char> >, std::chrono::duration<long, std::ratio<1l, 1000000000l> > > > >::_M_emplace_back_aux<std::pair<std::__cxx11::basic_string<char, std::char_traits<char>, std::allocator<char> >, std::chrono::duration<long, std::ratio<1l, 1000000000l> > > >(std::pair<std::__cxx11::basic_string<char, std::char_traits<char>, std::allocator<char> >, std::chrono::duration<long, std::ratio<1l, 1000000000l> > >&&)
  0.00     10.16     0.00        2     0.00    26.68  oak::EntityCache::update(oak::Scene const&)
  0.00     10.16     0.00        2     0.00     0.00  anax::detail::BaseSystem::BaseSystem(anax::detail::Filter const&)
  0.00     10.16     0.00        2     0.00     0.00  anax::detail::BaseSystem::~BaseSystem()
  0.00     10.16     0.00        1     0.00     0.00  _GLOBAL__sub_I__Z3pupRN3oak5PuperER18TransformComponentRKNS_7ObjInfoE
  0.00     10.16     0.00        1     0.00     0.00  _GLOBAL__sub_I__ZN3oak11EntityCache6updateERKNS_5SceneE
  0.00     10.16     0.00        1     0.00     0.00  _GLOBAL__sub_I__ZN3oak12oalloc_proxyE
  0.00     10.16     0.00        1     0.00     0.00  _GLOBAL__sub_I__ZN3oak3log4coutE
  0.00     10.16     0.00        1     0.00     0.00  _GLOBAL__sub_I__ZN3oak5Scene12createEntityEv
  0.00     10.16     0.00        1     0.00     0.00  _GLOBAL__sub_I__ZN3oak9AllocatorC2EPS0_j
  0.00     10.16     0.00        1     0.00     0.00  oak::TypeHandle<BoxComponent>::~TypeHandle()
  0.00     10.16     0.00        1     0.00     0.00  oak::TypeHandle<DrawComponent>::~TypeHandle()
  0.00     10.16     0.00        1     0.00     0.00  oak::TypeHandle<VelocityComponent>::~TypeHandle()
  0.00     10.16     0.00        1     0.00     0.00  oak::TypeHandle<TransformComponent>::~TypeHandle()
  0.00     10.16     0.00        1     0.00     0.00  oak::EventManager::EventManager()
  0.00     10.16     0.00        1     0.00     1.74  oak::EventManager::~EventManager()
  0.00     10.16     0.00        1     0.00     0.00  anax::World::World()
  0.00     10.16     0.00        1     0.00     0.00  anax::detail::EntityIdPool::clear()
  0.00     10.16     0.00        1     0.00     0.00  anax::detail::EntityIdPool::EntityIdPool(unsigned long)
  0.00     10.16     0.00        1     0.00     0.00  anax::detail::EntityComponentStorage::EntityComponentStorage(unsigned long)

 %         the percentage of the total running time of the
time       program used by this function.

cumulative a running sum of the number of seconds accounted
 seconds   for by this function and those listed above it.

 self      the number of seconds accounted for by this
seconds    function alone.  This is the major sort for this
           listing.

calls      the number of times this function was invoked, if
           this function is profiled, else blank.

 self      the average number of milliseconds spent in this
ms/call    function per call, if this function is profiled,
	   else blank.

 total     the average number of milliseconds spent in this
ms/call    function and its descendents per call, if this
	   function is profiled, else blank.

name       the name of the function.  This is the minor sort
           for this listing. The index shows the location of
	   the function in the gprof listing. If the index is
	   in parenthesis it shows where it would appear in
	   the gprof listing if it were to be printed.

Copyright (C) 2012-2017 Free Software Foundation, Inc.

Copying and distribution of this file, with or without modification,
are permitted in any medium without royalty provided the copyright
notice and this notice are preserved.

		     Call graph (explanation follows)


granularity: each sample hit covers 2 byte(s) for 0.10% of 10.16 seconds

index % time    self  children    called     name
                                                 <spontaneous>
[1]     95.9    4.67    5.07                 oak_bench() [1]
                4.26    0.00 2684354560/2684354560     oak::ComponentStorage::getComponent(oak::EntityId) [2]
                0.08    0.57       1/1           oak::Scene::reset() [3]
                0.00    0.06 2621440/2621440     oak::ComponentStorage::addComponent(oak::EntityId) [10]
                0.00    0.05       2/2           oak::EntityCache::update(oak::Scene const&) [11]
                0.01    0.01       4/4           oak::PoolAllocator::~PoolAllocator() [16]
                0.00    0.02 1048576/1048576     oak::Scene::createEntity() [17]
                0.00    0.01 1048576/1048576     oak::Scene::activateEntity(oak::EntityId) [19]
                0.00    0.00       1/1           oak::EventManager::~EventManager() [31]
                0.00    0.00      20/20          void std::vector<std::pair<glm::tvec2<float, (glm::precision)0>, unsigned long>, std::scoped_allocator_adaptor<oak::OakAllocator<std::pair<glm::tvec2<float, (glm::precision)0>, unsigned long> >> >::_M_emplace_back_aux<std::pair<glm::tvec2<float, (glm::precision)0>, unsigned long> >(std::pair<glm::tvec2<float, (glm::precision)0>, unsigned long>&&) [35]
                0.00    0.00      22/5918        oak::FreelistAllocator::deallocate(void*, unsigned long) [29]
                0.00    0.00      10/5918        oak::FreelistAllocator::allocate(unsigned long) [22]
                0.00    0.00       4/4           std::__detail::_Map_base<std::__cxx11::basic_string<char, std::char_traits<char>, std::scoped_allocator_adaptor<oak::OakAllocator<char>> >, std::pair<std::__cxx11::basic_string<char, std::char_traits<char>, std::scoped_allocator_adaptor<oak::OakAllocator<char>> > const, unsigned long>, std::scoped_allocator_adaptor<oak::OakAllocator<std::pair<std::__cxx11::basic_string<char, std::char_traits<char>, std::scoped_allocator_adaptor<oak::OakAllocator<char>> > const, unsigned long> >>, std::__detail::_Select1st, std::equal_to<std::__cxx11::basic_string<char, std::char_traits<char>, std::scoped_allocator_adaptor<oak::OakAllocator<char>> > >, std::hash<std::__cxx11::basic_string<char, std::char_traits<char>, std::scoped_allocator_adaptor<oak::OakAllocator<char>> > >, std::__detail::_Mod_range_hashing, std::__detail::_Default_ranged_hash, std::__detail::_Prime_rehash_policy, std::__detail::_Hashtable_traits<true, false, true>, true>::operator[](std::__cxx11::basic_string<char, std::char_traits<char>, std::scoped_allocator_adaptor<oak::OakAllocator<char>> > const&) [36]
                0.00    0.00       4/4           oak::LinearAllocator::LinearAllocator(oak::Allocator*, unsigned long, unsigned int) [37]
                0.00    0.00       4/4           std::vector<oak::EventQueueBase*, std::scoped_allocator_adaptor<oak::OakAllocator<oak::EventQueueBase*>> >::_M_default_append(unsigned long) [38]
                0.00    0.00       4/4           oak::ComponentStorage::ComponentStorage(oak::TypeHandleBase const*) [40]
                0.00    0.00       4/4           oak::ComponentStorage::~ComponentStorage() [41]
                0.00    0.00       4/2621444     std::vector<void*, std::scoped_allocator_adaptor<oak::OakAllocator<void*>> >::_M_default_append(unsigned long) [20]
                0.00    0.00 2621440/2621440     oak::Scene::addComponent(oak::EntityId, unsigned long) [52]
                0.00    0.00    1024/1024        oak::EventManager::clear() [68]
                0.00    0.00      12/12          anax_bench()::PSYS::~PSYS() [72]
                0.00    0.00       4/4           std::_Hashtable<std::__cxx11::basic_string<char, std::char_traits<char>, std::scoped_allocator_adaptor<oak::OakAllocator<char>> >, std::pair<std::__cxx11::basic_string<char, std::char_traits<char>, std::scoped_allocator_adaptor<oak::OakAllocator<char>> > const, unsigned long>, std::scoped_allocator_adaptor<oak::OakAllocator<std::pair<std::__cxx11::basic_string<char, std::char_traits<char>, std::scoped_allocator_adaptor<oak::OakAllocator<char>> > const, unsigned long> >>, std::__detail::_Select1st, std::equal_to<std::__cxx11::basic_string<char, std::char_traits<char>, std::scoped_allocator_adaptor<oak::OakAllocator<char>> > >, std::hash<std::__cxx11::basic_string<char, std::char_traits<char>, std::scoped_allocator_adaptor<oak::OakAllocator<char>> > >, std::__detail::_Mod_range_hashing, std::__detail::_Default_ranged_hash, std::__detail::_Prime_rehash_policy, std::__detail::_Hashtable_traits<true, false, true> >::find(std::__cxx11::basic_string<char, std::char_traits<char>, std::scoped_allocator_adaptor<oak::OakAllocator<char>> > const&) const [76]
                0.00    0.00       4/4           oak::Scene::addComponentStorage(unsigned long, oak::ComponentStorage&) [75]
                0.00    0.00       2/3           void std::vector<std::pair<std::__cxx11::basic_string<char, std::char_traits<char>, std::allocator<char> >, std::chrono::duration<long, std::ratio<1l, 1000000000l> > >, std::allocator<std::pair<std::__cxx11::basic_string<char, std::char_traits<char>, std::allocator<char> >, std::chrono::duration<long, std::ratio<1l, 1000000000l> > > > >::_M_emplace_back_aux<std::pair<std::__cxx11::basic_string<char, std::char_traits<char>, std::allocator<char> >, std::chrono::duration<long, std::ratio<1l, 1000000000l> > > >(std::pair<std::__cxx11::basic_string<char, std::char_traits<char>, std::allocator<char> >, std::chrono::duration<long, std::ratio<1l, 1000000000l> > >&&) [77]
                0.00    0.00       1/1           oak::EventManager::EventManager() [90]
                0.00    0.00       1/1           oak::TypeHandle<BoxComponent>::~TypeHandle() [86]
                0.00    0.00       1/1           oak::TypeHandle<VelocityComponent>::~TypeHandle() [88]
                0.00    0.00       1/1           oak::TypeHandle<DrawComponent>::~TypeHandle() [87]
                0.00    0.00       1/1           oak::TypeHandle<TransformComponent>::~TypeHandle() [89]
-----------------------------------------------
                4.26    0.00 2684354560/2684354560     oak_bench() [1]
[2]     41.9    4.26    0.00 2684354560         oak::ComponentStorage::getComponent(oak::EntityId) [2]
-----------------------------------------------
                0.08    0.57       1/1           oak_bench() [1]
[3]      6.4    0.08    0.57       1         oak::Scene::reset() [3]
                0.56    0.00 2621440/2621440     oak::ComponentStorage::removeComponent(oak::EntityId) [4]
                0.01    0.00 1048576/1048576     oak::TypeHandle<TransformComponent>::destruct(void*) const [23]
                0.00    0.00  524288/524288      oak::TypeHandle<BoxComponent>::destruct(void*) const [61]
                0.00    0.00  524288/524288      oak::TypeHandle<VelocityComponent>::destruct(void*) const [64]
                0.00    0.00  524288/524288      oak::TypeHandle<DrawComponent>::destruct(void*) const [63]
-----------------------------------------------
                0.56    0.00 2621440/2621440     oak::Scene::reset() [3]
[4]      5.5    0.56    0.00 2621440         oak::ComponentStorage::removeComponent(oak::EntityId) [4]
-----------------------------------------------
                                                 <spontaneous>
[5]      4.1    0.00    0.42                 anax_bench() [5]
                0.00    0.34 1048576/1048576     anax::World::createEntity() [6]
                0.01    0.07       1/1           anax::World::clear() [8]
                0.00    0.00 2621440/2621440     anax::detail::EntityComponentStorage::addComponent(anax::Entity&, anax::Component*, unsigned long) [54]
                0.00    0.00 2621440/2621440     anax::Entity::addComponent(anax::Component*, unsigned long) [53]
                0.00    0.00 1048576/1048576     anax::World::activateEntity(anax::Entity&) [56]
                0.00    0.00 1048576/1048576     anax::Entity::activate() [57]
                0.00    0.00    2048/2048        anax::detail::BaseSystem::getEntities() const [67]
                0.00    0.00    1024/1024        anax::World::refresh() [69]
                0.00    0.00      21/21          void std::vector<anax::Entity, std::allocator<anax::Entity> >::_M_emplace_back_aux<anax::Entity const&>(anax::Entity const&) [70]
                0.00    0.00       2/2           anax::detail::BaseSystem::BaseSystem(anax::detail::Filter const&) [78]
                0.00    0.00       2/2           anax::detail::BaseSystem::~BaseSystem() [79]
                0.00    0.00       1/1           anax::World::World() [91]
                0.00    0.00       1/1           anax::detail::EntityIdPool::clear() [92]
                0.00    0.00       1/3           void std::vector<std::pair<std::__cxx11::basic_string<char, std::char_traits<char>, std::allocator<char> >, std::chrono::duration<long, std::ratio<1l, 1000000000l> > >, std::allocator<std::pair<std::__cxx11::basic_string<char, std::char_traits<char>, std::allocator<char> >, std::chrono::duration<long, std::ratio<1l, 1000000000l> > > > >::_M_emplace_back_aux<std::pair<std::__cxx11::basic_string<char, std::char_traits<char>, std::allocator<char> >, std::chrono::duration<long, std::ratio<1l, 1000000000l> > > >(std::pair<std::__cxx11::basic_string<char, std::char_traits<char>, std::allocator<char> >, std::chrono::duration<long, std::ratio<1l, 1000000000l> > >&&) [77]
-----------------------------------------------
                0.00    0.34 1048576/1048576     anax_bench() [5]
[6]      3.3    0.00    0.34 1048576         anax::World::createEntity() [6]
                0.30    0.00 1040384/1040384     std::vector<anax::detail::EntityComponentStorage::EntityComponents, std::allocator<anax::detail::EntityComponentStorage::EntityComponents> >::_M_default_append(unsigned long) [7]
                0.01    0.00 1048576/1048576     anax::detail::EntityIdPool::getSize() const [24]
                0.01    0.00 1040384/1040384     anax::detail::EntityIdPool::resize(unsigned long) [25]
                0.01    0.00 1040384/1040384     anax::detail::EntityComponentStorage::resize(unsigned long) [26]
                0.01    0.00 1040384/1040384     std::vector<anax::World::EntityAttributes::Attribute, std::allocator<anax::World::EntityAttributes::Attribute> >::_M_default_append(unsigned long) [27]
                0.00    0.00 1048576/1048576     anax::detail::EntityIdPool::create() [59]
                0.00    0.00 1048555/1048576     anax::Entity::Entity(anax::World&, anax::Entity::Id) [58]
                0.00    0.00      21/21          void std::vector<anax::Entity, std::allocator<anax::Entity> >::_M_emplace_back_aux<anax::World&, anax::Entity::Id>(anax::World&, anax::Entity::Id&&) [71]
-----------------------------------------------
                0.30    0.00 1040384/1040384     anax::World::createEntity() [6]
[7]      3.0    0.30    0.00 1040384         std::vector<anax::detail::EntityComponentStorage::EntityComponents, std::allocator<anax::detail::EntityComponentStorage::EntityComponents> >::_M_default_append(unsigned long) [7]
-----------------------------------------------
                0.01    0.07       1/1           anax_bench() [5]
[8]      0.8    0.01    0.07       1         anax::World::clear() [8]
                0.07    0.00       1/1           anax::detail::EntityComponentStorage::clear() [9]
-----------------------------------------------
                0.07    0.00       1/1           anax::World::clear() [8]
[9]      0.7    0.07    0.00       1         anax::detail::EntityComponentStorage::clear() [9]
-----------------------------------------------
                0.00    0.06 2621440/2621440     oak_bench() [1]
[10]     0.6    0.00    0.06 2621440         oak::ComponentStorage::addComponent(oak::EntityId) [10]
                0.03    0.01 2621440/2621440     oak::PoolAllocator::allocate(unsigned long) [12]
                0.01    0.00 2621440/2621444     std::vector<void*, std::scoped_allocator_adaptor<oak::OakAllocator<void*>> >::_M_default_append(unsigned long) [20]
                0.01    0.00  524288/524288      oak::TypeHandle<DrawComponent>::construct(void*) const [28]
                0.00    0.00 1048576/1048576     oak::TypeHandle<TransformComponent>::construct(void*) const [60]
                0.00    0.00  524288/524288      oak::TypeHandle<BoxComponent>::construct(void*) const [62]
                0.00    0.00  524288/524288      oak::TypeHandle<VelocityComponent>::construct(void*) const [65]
-----------------------------------------------
                0.00    0.05       2/2           oak_bench() [1]
[11]     0.5    0.00    0.05       2         oak::EntityCache::update(oak::Scene const&) [11]
                0.00    0.03 2097152/2097152     oak::EntityCache::addEntity(oak::EntityId) [13]
                0.01    0.00      40/61          void std::vector<oak::EntityId, std::scoped_allocator_adaptor<oak::OakAllocator<oak::EntityId>> >::_M_emplace_back_aux<oak::EntityId const&>(oak::EntityId const&) [15]
                0.01    0.00       2/2           void std::__introsort_loop<__gnu_cxx::__normal_iterator<oak::EntityId*, std::vector<oak::EntityId, std::scoped_allocator_adaptor<oak::OakAllocator<oak::EntityId>> > >, long, __gnu_cxx::__ops::_Iter_comp_iter<oak::EntityCache::sort()::{lambda(oak::EntityId const&, oak::EntityId const&)#1}> >(__gnu_cxx::__normal_iterator<oak::EntityId*, std::vector<oak::EntityId, std::scoped_allocator_adaptor<oak::OakAllocator<oak::EntityId>> > >, __gnu_cxx::__ops::_Iter_comp_iter<oak::EntityCache::sort()::{lambda(oak::EntityId const&, oak::EntityId const&)#1}>, long, __gnu_cxx::__ops::_Iter_comp_iter<oak::EntityCache::sort()::{lambda(oak::EntityId const&, oak::EntityId const&)#1}>) [30]
                0.00    0.00 2097152/2097152     oak::Scene::getComponentFilter(oak::EntityId) const [55]
-----------------------------------------------
                0.03    0.01 2621440/2621440     oak::ComponentStorage::addComponent(oak::EntityId) [10]
[12]     0.4    0.03    0.01 2621440         oak::PoolAllocator::allocate(unsigned long) [12]
                0.01    0.00    4608/5918        oak::FreelistAllocator::allocate(unsigned long) [22]
-----------------------------------------------
                0.00    0.03 2097152/2097152     oak::EntityCache::update(oak::Scene const&) [11]
[13]     0.3    0.00    0.03 2097152         oak::EntityCache::addEntity(oak::EntityId) [13]
                0.03    0.00 2097152/2097152     std::vector<bool, std::scoped_allocator_adaptor<oak::OakAllocator<bool>> >::_M_fill_insert(std::_Bit_iterator, unsigned long, bool) [14]
-----------------------------------------------
                0.03    0.00 2097152/2097152     oak::EntityCache::addEntity(oak::EntityId) [13]
[14]     0.3    0.03    0.00 2097152         std::vector<bool, std::scoped_allocator_adaptor<oak::OakAllocator<bool>> >::_M_fill_insert(std::_Bit_iterator, unsigned long, bool) [14]
                0.00    0.00      30/5918        oak::FreelistAllocator::allocate(unsigned long) [22]
                0.00    0.00      28/5918        oak::FreelistAllocator::deallocate(void*, unsigned long) [29]
-----------------------------------------------
                0.01    0.00      21/61          oak::Scene::createEntity() [17]
                0.01    0.00      40/61          oak::EntityCache::update(oak::Scene const&) [11]
[15]     0.2    0.02    0.00      61         void std::vector<oak::EntityId, std::scoped_allocator_adaptor<oak::OakAllocator<oak::EntityId>> >::_M_emplace_back_aux<oak::EntityId const&>(oak::EntityId const&) [15]
                0.00    0.00      61/5918        oak::FreelistAllocator::allocate(unsigned long) [22]
                0.00    0.00      58/5918        oak::FreelistAllocator::deallocate(void*, unsigned long) [29]
-----------------------------------------------
                0.01    0.01       4/4           oak_bench() [1]
[16]     0.2    0.01    0.01       4         oak::PoolAllocator::~PoolAllocator() [16]
                0.01    0.00    4612/5918        oak::FreelistAllocator::deallocate(void*, unsigned long) [29]
-----------------------------------------------
                0.00    0.02 1048576/1048576     oak_bench() [1]
[17]     0.2    0.00    0.02 1048576         oak::Scene::createEntity() [17]
                0.01    0.00 1048576/1048576     std::vector<std::bitset<4ul>, std::scoped_allocator_adaptor<oak::OakAllocator<std::bitset<4ul> >> >::_M_default_append(unsigned long) [21]
                0.01    0.00      21/61          void std::vector<oak::EntityId, std::scoped_allocator_adaptor<oak::OakAllocator<oak::EntityId>> >::_M_emplace_back_aux<oak::EntityId const&>(oak::EntityId const&) [15]
                0.00    0.00 1048576/1048576     std::vector<std::bitset<64ul>, std::scoped_allocator_adaptor<oak::OakAllocator<std::bitset<64ul> >> >::_M_default_append(unsigned long) [33]
                0.00    0.00      21/21          void std::vector<unsigned int, std::scoped_allocator_adaptor<oak::OakAllocator<unsigned int>> >::_M_emplace_back_aux<unsigned int>(unsigned int&&) [34]
-----------------------------------------------
                0.01    0.00 1048576/1048576     oak::Scene::activateEntity(oak::EntityId) [19]
[18]     0.1    0.01    0.00 1048576         oak::LinearAllocator::allocate(unsigned long) [18]
                0.00    0.00    1023/5918        oak::FreelistAllocator::allocate(unsigned long) [22]
-----------------------------------------------
                0.00    0.01 1048576/1048576     oak_bench() [1]
[19]     0.1    0.00    0.01 1048576         oak::Scene::activateEntity(oak::EntityId) [19]
                0.01    0.00 1048576/1048576     oak::LinearAllocator::allocate(unsigned long) [18]
-----------------------------------------------
                0.00    0.00       4/2621444     oak_bench() [1]
                0.01    0.00 2621440/2621444     oak::ComponentStorage::addComponent(oak::EntityId) [10]
[20]     0.1    0.01    0.00 2621444         std::vector<void*, std::scoped_allocator_adaptor<oak::OakAllocator<void*>> >::_M_default_append(unsigned long) [20]
                0.00    0.00      85/5918        oak::FreelistAllocator::allocate(unsigned long) [22]
                0.00    0.00      80/5918        oak::FreelistAllocator::deallocate(void*, unsigned long) [29]
-----------------------------------------------
                0.01    0.00 1048576/1048576     oak::Scene::createEntity() [17]
[21]     0.1    0.01    0.00 1048576         std::vector<std::bitset<4ul>, std::scoped_allocator_adaptor<oak::OakAllocator<std::bitset<4ul> >> >::_M_default_append(unsigned long) [21]
                0.00    0.00      21/5918        oak::FreelistAllocator::allocate(unsigned long) [22]
                0.00    0.00      20/5918        oak::FreelistAllocator::deallocate(void*, unsigned long) [29]
-----------------------------------------------
                0.00    0.00       2/5918        std::_Hashtable<std::__cxx11::basic_string<char, std::char_traits<char>, std::scoped_allocator_adaptor<oak::OakAllocator<char>> >, std::pair<std::__cxx11::basic_string<char, std::char_traits<char>, std::scoped_allocator_adaptor<oak::OakAllocator<char>> > const, unsigned long>, std::scoped_allocator_adaptor<oak::OakAllocator<std::pair<std::__cxx11::basic_string<char, std::char_traits<char>, std::scoped_allocator_adaptor<oak::OakAllocator<char>> > const, unsigned long> >>, std::__detail::_Select1st, std::equal_to<std::__cxx11::basic_string<char, std::char_traits<char>, std::scoped_allocator_adaptor<oak::OakAllocator<char>> > >, std::hash<std::__cxx11::basic_string<char, std::char_traits<char>, std::scoped_allocator_adaptor<oak::OakAllocator<char>> > >, std::__detail::_Mod_range_hashing, std::__detail::_Default_ranged_hash, std::__detail::_Prime_rehash_policy, std::__detail::_Hashtable_traits<true, false, true> >::_M_insert_unique_node(unsigned long, unsigned long, std::__detail::_Hash_node<std::pair<std::__cxx11::basic_string<char, std::char_traits<char>, std::scoped_allocator_adaptor<oak::OakAllocator<char>> > const, unsigned long>, true>*) [42]
                0.00    0.00       3/5918        std::vector<oak::EventQueueBase*, std::scoped_allocator_adaptor<oak::OakAllocator<oak::EventQueueBase*>> >::_M_default_append(unsigned long) [38]
                0.00    0.00       4/5918        std::__detail::_Map_base<std::__cxx11::basic_string<char, std::char_traits<char>, std::scoped_allocator_adaptor<oak::OakAllocator<char>> >, std::pair<std::__cxx11::basic_string<char, std::char_traits<char>, std::scoped_allocator_adaptor<oak::OakAllocator<char>> > const, unsigned long>, std::scoped_allocator_adaptor<oak::OakAllocator<std::pair<std::__cxx11::basic_string<char, std::char_traits<char>, std::scoped_allocator_adaptor<oak::OakAllocator<char>> > const, unsigned long> >>, std::__detail::_Select1st, std::equal_to<std::__cxx11::basic_string<char, std::char_traits<char>, std::scoped_allocator_adaptor<oak::OakAllocator<char>> > >, std::hash<std::__cxx11::basic_string<char, std::char_traits<char>, std::scoped_allocator_adaptor<oak::OakAllocator<char>> > >, std::__detail::_Mod_range_hashing, std::__detail::_Default_ranged_hash, std::__detail::_Prime_rehash_policy, std::__detail::_Hashtable_traits<true, false, true>, true>::operator[](std::__cxx11::basic_string<char, std::char_traits<char>, std::scoped_allocator_adaptor<oak::OakAllocator<char>> > const&) [36]
                0.00    0.00       4/5918        oak::PoolAllocator::PoolAllocator(oak::Allocator*, unsigned long, unsigned long, unsigned int) [39]
                0.00    0.00       5/5918        oak::LinearAllocator::LinearAllocator(oak::Allocator*, unsigned long, unsigned int) [37]
                0.00    0.00      10/5918        oak_bench() [1]
                0.00    0.00      20/5918        void std::vector<std::pair<glm::tvec2<float, (glm::precision)0>, unsigned long>, std::scoped_allocator_adaptor<oak::OakAllocator<std::pair<glm::tvec2<float, (glm::precision)0>, unsigned long> >> >::_M_emplace_back_aux<std::pair<glm::tvec2<float, (glm::precision)0>, unsigned long> >(std::pair<glm::tvec2<float, (glm::precision)0>, unsigned long>&&) [35]
                0.00    0.00      21/5918        std::vector<std::bitset<64ul>, std::scoped_allocator_adaptor<oak::OakAllocator<std::bitset<64ul> >> >::_M_default_append(unsigned long) [33]
                0.00    0.00      21/5918        std::vector<std::bitset<4ul>, std::scoped_allocator_adaptor<oak::OakAllocator<std::bitset<4ul> >> >::_M_default_append(unsigned long) [21]
                0.00    0.00      21/5918        void std::vector<unsigned int, std::scoped_allocator_adaptor<oak::OakAllocator<unsigned int>> >::_M_emplace_back_aux<unsigned int>(unsigned int&&) [34]
                0.00    0.00      30/5918        std::vector<bool, std::scoped_allocator_adaptor<oak::OakAllocator<bool>> >::_M_fill_insert(std::_Bit_iterator, unsigned long, bool) [14]
                0.00    0.00      61/5918        void std::vector<oak::EntityId, std::scoped_allocator_adaptor<oak::OakAllocator<oak::EntityId>> >::_M_emplace_back_aux<oak::EntityId const&>(oak::EntityId const&) [15]
                0.00    0.00      85/5918        std::vector<void*, std::scoped_allocator_adaptor<oak::OakAllocator<void*>> >::_M_default_append(unsigned long) [20]
                0.00    0.00    1023/5918        oak::LinearAllocator::allocate(unsigned long) [18]
                0.01    0.00    4608/5918        oak::PoolAllocator::allocate(unsigned long) [12]
[22]     0.1    0.01    0.00    5918         oak::FreelistAllocator::allocate(unsigned long) [22]
                0.00    0.00       5/6           oak::ProxyAllocator::allocate(unsigned long) [74]
-----------------------------------------------
                0.01    0.00 1048576/1048576     oak::Scene::reset() [3]
[23]     0.1    0.01    0.00 1048576         oak::TypeHandle<TransformComponent>::destruct(void*) const [23]
-----------------------------------------------
                0.01    0.00 1048576/1048576     anax::World::createEntity() [6]
[24]     0.1    0.01    0.00 1048576         anax::detail::EntityIdPool::getSize() const [24]
-----------------------------------------------
                0.01    0.00 1040384/1040384     anax::World::createEntity() [6]
[25]     0.1    0.01    0.00 1040384         anax::detail::EntityIdPool::resize(unsigned long) [25]
-----------------------------------------------
                0.01    0.00 1040384/1040384     anax::World::createEntity() [6]
[26]     0.1    0.01    0.00 1040384         anax::detail::EntityComponentStorage::resize(unsigned long) [26]
-----------------------------------------------
                0.01    0.00 1040384/1040384     anax::World::createEntity() [6]
[27]     0.1    0.01    0.00 1040384         std::vector<anax::World::EntityAttributes::Attribute, std::allocator<anax::World::EntityAttributes::Attribute> >::_M_default_append(unsigned long) [27]
-----------------------------------------------
                0.01    0.00  524288/524288      oak::ComponentStorage::addComponent(oak::EntityId) [10]
[28]     0.1    0.01    0.00  524288         oak::TypeHandle<DrawComponent>::construct(void*) const [28]
-----------------------------------------------
                0.00    0.00       1/5918        std::_Hashtable<std::__cxx11::basic_string<char, std::char_traits<char>, std::scoped_allocator_adaptor<oak::OakAllocator<char>> >, std::pair<std::__cxx11::basic_string<char, std::char_traits<char>, std::scoped_allocator_adaptor<oak::OakAllocator<char>> > const, unsigned long>, std::scoped_allocator_adaptor<oak::OakAllocator<std::pair<std::__cxx11::basic_string<char, std::char_traits<char>, std::scoped_allocator_adaptor<oak::OakAllocator<char>> > const, unsigned long> >>, std::__detail::_Select1st, std::equal_to<std::__cxx11::basic_string<char, std::char_traits<char>, std::scoped_allocator_adaptor<oak::OakAllocator<char>> > >, std::hash<std::__cxx11::basic_string<char, std::char_traits<char>, std::scoped_allocator_adaptor<oak::OakAllocator<char>> > >, std::__detail::_Mod_range_hashing, std::__detail::_Default_ranged_hash, std::__detail::_Prime_rehash_policy, std::__detail::_Hashtable_traits<true, false, true> >::_M_insert_unique_node(unsigned long, unsigned long, std::__detail::_Hash_node<std::pair<std::__cxx11::basic_string<char, std::char_traits<char>, std::scoped_allocator_adaptor<oak::OakAllocator<char>> > const, unsigned long>, true>*) [42]
                0.00    0.00       2/5918        std::vector<oak::EventQueueBase*, std::scoped_allocator_adaptor<oak::OakAllocator<oak::EventQueueBase*>> >::_M_default_append(unsigned long) [38]
                0.00    0.00       4/5918        oak::EventManager::~EventManager() [31]
                0.00    0.00       4/5918        oak::ComponentStorage::~ComponentStorage() [41]
                0.00    0.00      19/5918        void std::vector<std::pair<glm::tvec2<float, (glm::precision)0>, unsigned long>, std::scoped_allocator_adaptor<oak::OakAllocator<std::pair<glm::tvec2<float, (glm::precision)0>, unsigned long> >> >::_M_emplace_back_aux<std::pair<glm::tvec2<float, (glm::precision)0>, unsigned long> >(std::pair<glm::tvec2<float, (glm::precision)0>, unsigned long>&&) [35]
                0.00    0.00      20/5918        std::vector<std::bitset<64ul>, std::scoped_allocator_adaptor<oak::OakAllocator<std::bitset<64ul> >> >::_M_default_append(unsigned long) [33]
                0.00    0.00      20/5918        std::vector<std::bitset<4ul>, std::scoped_allocator_adaptor<oak::OakAllocator<std::bitset<4ul> >> >::_M_default_append(unsigned long) [21]
                0.00    0.00      20/5918        void std::vector<unsigned int, std::scoped_allocator_adaptor<oak::OakAllocator<unsigned int>> >::_M_emplace_back_aux<unsigned int>(unsigned int&&) [34]
                0.00    0.00      22/5918        oak_bench() [1]
                0.00    0.00      28/5918        std::vector<bool, std::scoped_allocator_adaptor<oak::OakAllocator<bool>> >::_M_fill_insert(std::_Bit_iterator, unsigned long, bool) [14]
                0.00    0.00      58/5918        void std::vector<oak::EntityId, std::scoped_allocator_adaptor<oak::OakAllocator<oak::EntityId>> >::_M_emplace_back_aux<oak::EntityId const&>(oak::EntityId const&) [15]
                0.00    0.00      80/5918        std::vector<void*, std::scoped_allocator_adaptor<oak::OakAllocator<void*>> >::_M_default_append(unsigned long) [20]
                0.00    0.00    1028/5918        oak::LinearAllocator::~LinearAllocator() [32]
                0.01    0.00    4612/5918        oak::PoolAllocator::~PoolAllocator() [16]
[29]     0.1    0.01    0.00    5918         oak::FreelistAllocator::deallocate(void*, unsigned long) [29]
-----------------------------------------------
                               98300             void std::__introsort_loop<__gnu_cxx::__normal_iterator<oak::EntityId*, std::vector<oak::EntityId, std::scoped_allocator_adaptor<oak::OakAllocator<oak::EntityId>> > >, long, __gnu_cxx::__ops::_Iter_comp_iter<oak::EntityCache::sort()::{lambda(oak::EntityId const&, oak::EntityId const&)#1}> >(__gnu_cxx::__normal_iterator<oak::EntityId*, std::vector<oak::EntityId, std::scoped_allocator_adaptor<oak::OakAllocator<oak::EntityId>> > >, __gnu_cxx::__ops::_Iter_comp_iter<oak::EntityCache::sort()::{lambda(oak::EntityId const&, oak::EntityId const&)#1}>, long, __gnu_cxx::__ops::_Iter_comp_iter<oak::EntityCache::sort()::{lambda(oak::EntityId const&, oak::EntityId const&)#1}>) [30]
                0.01    0.00       2/2           oak::EntityCache::update(oak::Scene const&) [11]
[30]     0.1    0.01    0.00       2+98300   void std::__introsort_loop<__gnu_cxx::__normal_iterator<oak::EntityId*, std::vector<oak::EntityId, std::scoped_allocator_adaptor<oak::OakAllocator<oak::EntityId>> > >, long, __gnu_cxx::__ops::_Iter_comp_iter<oak::EntityCache::sort()::{lambda(oak::EntityId const&, oak::EntityId const&)#1}> >(__gnu_cxx::__normal_iterator<oak::EntityId*, std::vector<oak::EntityId, std::scoped_allocator_adaptor<oak::OakAllocator<oak::EntityId>> > >, __gnu_cxx::__ops::_Iter_comp_iter<oak::EntityCache::sort()::{lambda(oak::EntityId const&, oak::EntityId const&)#1}>, long, __gnu_cxx::__ops::_Iter_comp_iter<oak::EntityCache::sort()::{lambda(oak::EntityId const&, oak::EntityId const&)#1}>) [30]
                               98300             void std::__introsort_loop<__gnu_cxx::__normal_iterator<oak::EntityId*, std::vector<oak::EntityId, std::scoped_allocator_adaptor<oak::OakAllocator<oak::EntityId>> > >, long, __gnu_cxx::__ops::_Iter_comp_iter<oak::EntityCache::sort()::{lambda(oak::EntityId const&, oak::EntityId const&)#1}> >(__gnu_cxx::__normal_iterator<oak::EntityId*, std::vector<oak::EntityId, std::scoped_allocator_adaptor<oak::OakAllocator<oak::EntityId>> > >, __gnu_cxx::__ops::_Iter_comp_iter<oak::EntityCache::sort()::{lambda(oak::EntityId const&, oak::EntityId const&)#1}>, long, __gnu_cxx::__ops::_Iter_comp_iter<oak::EntityCache::sort()::{lambda(oak::EntityId const&, oak::EntityId const&)#1}>) [30]
-----------------------------------------------
                0.00    0.00       1/1           oak_bench() [1]
[31]     0.0    0.00    0.00       1         oak::EventManager::~EventManager() [31]
                0.00    0.00       4/4           oak::LinearAllocator::~LinearAllocator() [32]
                0.00    0.00       4/5918        oak::FreelistAllocator::deallocate(void*, unsigned long) [29]
-----------------------------------------------
                0.00    0.00       4/4           oak::EventManager::~EventManager() [31]
[32]     0.0    0.00    0.00       4         oak::LinearAllocator::~LinearAllocator() [32]
                0.00    0.00    1028/5918        oak::FreelistAllocator::deallocate(void*, unsigned long) [29]
-----------------------------------------------
                0.00    0.00 1048576/1048576     oak::Scene::createEntity() [17]
[33]     0.0    0.00    0.00 1048576         std::vector<std::bitset<64ul>, std::scoped_allocator_adaptor<oak::OakAllocator<std::bitset<64ul> >> >::_M_default_append(unsigned long) [33]
                0.00    0.00      21/5918        oak::FreelistAllocator::allocate(unsigned long) [22]
                0.00    0.00      20/5918        oak::FreelistAllocator::deallocate(void*, unsigned long) [29]
-----------------------------------------------
                0.00    0.00      21/21          oak::Scene::createEntity() [17]
[34]     0.0    0.00    0.00      21         void std::vector<unsigned int, std::scoped_allocator_adaptor<oak::OakAllocator<unsigned int>> >::_M_emplace_back_aux<unsigned int>(unsigned int&&) [34]
                0.00    0.00      21/5918        oak::FreelistAllocator::allocate(unsigned long) [22]
                0.00    0.00      20/5918        oak::FreelistAllocator::deallocate(void*, unsigned long) [29]
-----------------------------------------------
                0.00    0.00      20/20          oak_bench() [1]
[35]     0.0    0.00    0.00      20         void std::vector<std::pair<glm::tvec2<float, (glm::precision)0>, unsigned long>, std::scoped_allocator_adaptor<oak::OakAllocator<std::pair<glm::tvec2<float, (glm::precision)0>, unsigned long> >> >::_M_emplace_back_aux<std::pair<glm::tvec2<float, (glm::precision)0>, unsigned long> >(std::pair<glm::tvec2<float, (glm::precision)0>, unsigned long>&&) [35]
                0.00    0.00      20/5918        oak::FreelistAllocator::allocate(unsigned long) [22]
                0.00    0.00      19/5918        oak::FreelistAllocator::deallocate(void*, unsigned long) [29]
-----------------------------------------------
                0.00    0.00       4/4           oak_bench() [1]
[36]     0.0    0.00    0.00       4         std::__detail::_Map_base<std::__cxx11::basic_string<char, std::char_traits<char>, std::scoped_allocator_adaptor<oak::OakAllocator<char>> >, std::pair<std::__cxx11::basic_string<char, std::char_traits<char>, std::scoped_allocator_adaptor<oak::OakAllocator<char>> > const, unsigned long>, std::scoped_allocator_adaptor<oak::OakAllocator<std::pair<std::__cxx11::basic_string<char, std::char_traits<char>, std::scoped_allocator_adaptor<oak::OakAllocator<char>> > const, unsigned long> >>, std::__detail::_Select1st, std::equal_to<std::__cxx11::basic_string<char, std::char_traits<char>, std::scoped_allocator_adaptor<oak::OakAllocator<char>> > >, std::hash<std::__cxx11::basic_string<char, std::char_traits<char>, std::scoped_allocator_adaptor<oak::OakAllocator<char>> > >, std::__detail::_Mod_range_hashing, std::__detail::_Default_ranged_hash, std::__detail::_Prime_rehash_policy, std::__detail::_Hashtable_traits<true, false, true>, true>::operator[](std::__cxx11::basic_string<char, std::char_traits<char>, std::scoped_allocator_adaptor<oak::OakAllocator<char>> > const&) [36]
                0.00    0.00       4/5918        oak::FreelistAllocator::allocate(unsigned long) [22]
                0.00    0.00       4/4           std::_Hashtable<std::__cxx11::basic_string<char, std::char_traits<char>, std::scoped_allocator_adaptor<oak::OakAllocator<char>> >, std::pair<std::__cxx11::basic_string<char, std::char_traits<char>, std::scoped_allocator_adaptor<oak::OakAllocator<char>> > const, unsigned long>, std::scoped_allocator_adaptor<oak::OakAllocator<std::pair<std::__cxx11::basic_string<char, std::char_traits<char>, std::scoped_allocator_adaptor<oak::OakAllocator<char>> > const, unsigned long> >>, std::__detail::_Select1st, std::equal_to<std::__cxx11::basic_string<char, std::char_traits<char>, std::scoped_allocator_adaptor<oak::OakAllocator<char>> > >, std::hash<std::__cxx11::basic_string<char, std::char_traits<char>, std::scoped_allocator_adaptor<oak::OakAllocator<char>> > >, std::__detail::_Mod_range_hashing, std::__detail::_Default_ranged_hash, std::__detail::_Prime_rehash_policy, std::__detail::_Hashtable_traits<true, false, true> >::_M_insert_unique_node(unsigned long, unsigned long, std::__detail::_Hash_node<std::pair<std::__cxx11::basic_string<char, std::char_traits<char>, std::scoped_allocator_adaptor<oak::OakAllocator<char>> > const, unsigned long>, true>*) [42]
-----------------------------------------------
                0.00    0.00       4/4           oak_bench() [1]
[37]     0.0    0.00    0.00       4         oak::LinearAllocator::LinearAllocator(oak::Allocator*, unsigned long, unsigned int) [37]
                0.00    0.00       5/5918        oak::FreelistAllocator::allocate(unsigned long) [22]
-----------------------------------------------
                0.00    0.00       4/4           oak_bench() [1]
[38]     0.0    0.00    0.00       4         std::vector<oak::EventQueueBase*, std::scoped_allocator_adaptor<oak::OakAllocator<oak::EventQueueBase*>> >::_M_default_append(unsigned long) [38]
                0.00    0.00       3/5918        oak::FreelistAllocator::allocate(unsigned long) [22]
                0.00    0.00       2/5918        oak::FreelistAllocator::deallocate(void*, unsigned long) [29]
-----------------------------------------------
                0.00    0.00       4/4           oak::ComponentStorage::ComponentStorage(oak::TypeHandleBase const*) [40]
[39]     0.0    0.00    0.00       4         oak::PoolAllocator::PoolAllocator(oak::Allocator*, unsigned long, unsigned long, unsigned int) [39]
                0.00    0.00       4/5918        oak::FreelistAllocator::allocate(unsigned long) [22]
-----------------------------------------------
                0.00    0.00       4/4           oak_bench() [1]
[40]     0.0    0.00    0.00       4         oak::ComponentStorage::ComponentStorage(oak::TypeHandleBase const*) [40]
                0.00    0.00       4/4           oak::PoolAllocator::PoolAllocator(oak::Allocator*, unsigned long, unsigned long, unsigned int) [39]
-----------------------------------------------
                0.00    0.00       4/4           oak_bench() [1]
[41]     0.0    0.00    0.00       4         oak::ComponentStorage::~ComponentStorage() [41]
                0.00    0.00       4/5918        oak::FreelistAllocator::deallocate(void*, unsigned long) [29]
                0.00    0.00 2621440/2621440     oak::PoolAllocator::deallocate(void*, unsigned long) [51]
-----------------------------------------------
                0.00    0.00       4/4           std::__detail::_Map_base<std::__cxx11::basic_string<char, std::char_traits<char>, std::scoped_allocator_adaptor<oak::OakAllocator<char>> >, std::pair<std::__cxx11::basic_string<char, std::char_traits<char>, std::scoped_allocator_adaptor<oak::OakAllocator<char>> > const, unsigned long>, std::scoped_allocator_adaptor<oak::OakAllocator<std::pair<std::__cxx11::basic_string<char, std::char_traits<char>, std::scoped_allocator_adaptor<oak::OakAllocator<char>> > const, unsigned long> >>, std::__detail::_Select1st, std::equal_to<std::__cxx11::basic_string<char, std::char_traits<char>, std::scoped_allocator_adaptor<oak::OakAllocator<char>> > >, std::hash<std::__cxx11::basic_string<char, std::char_traits<char>, std::scoped_allocator_adaptor<oak::OakAllocator<char>> > >, std::__detail::_Mod_range_hashing, std::__detail::_Default_ranged_hash, std::__detail::_Prime_rehash_policy, std::__detail::_Hashtable_traits<true, false, true>, true>::operator[](std::__cxx11::basic_string<char, std::char_traits<char>, std::scoped_allocator_adaptor<oak::OakAllocator<char>> > const&) [36]
[42]     0.0    0.00    0.00       4         std::_Hashtable<std::__cxx11::basic_string<char, std::char_traits<char>, std::scoped_allocator_adaptor<oak::OakAllocator<char>> >, std::pair<std::__cxx11::basic_string<char, std::char_traits<char>, std::scoped_allocator_adaptor<oak::OakAllocator<char>> > const, unsigned long>, std::scoped_allocator_adaptor<oak::OakAllocator<std::pair<std::__cxx11::basic_string<char, std::char_traits<char>, std::scoped_allocator_adaptor<oak::OakAllocator<char>> > const, unsigned long> >>, std::__detail::_Select1st, std::equal_to<std::__cxx11::basic_string<char, std::char_traits<char>, std::scoped_allocator_adaptor<oak::OakAllocator<char>> > >, std::hash<std::__cxx11::basic_string<char, std::char_traits<char>, std::scoped_allocator_adaptor<oak::OakAllocator<char>> > >, std::__detail::_Mod_range_hashing, std::__detail::_Default_ranged_hash, std::__detail::_Prime_rehash_policy, std::__detail::_Hashtable_traits<true, false, true> >::_M_insert_unique_node(unsigned long, unsigned long, std::__detail::_Hash_node<std::pair<std::__cxx11::basic_string<char, std::char_traits<char>, std::scoped_allocator_adaptor<oak::OakAllocator<char>> > const, unsigned long>, true>*) [42]
                0.00    0.00       2/5918        oak::FreelistAllocator::allocate(unsigned long) [22]
                0.00    0.00       1/5918        oak::FreelistAllocator::deallocate(void*, unsigned long) [29]
-----------------------------------------------
                0.00    0.00 1048576/3670016     anax::World::refresh() [69]
                0.00    0.00 2621440/3670016     anax::detail::EntityComponentStorage::addComponent(anax::Entity&, anax::Component*, unsigned long) [54]
[50]     0.0    0.00    0.00 3670016         anax::Entity::getId() const [50]
-----------------------------------------------
                0.00    0.00 2621440/2621440     oak::ComponentStorage::~ComponentStorage() [41]
[51]     0.0    0.00    0.00 2621440         oak::PoolAllocator::deallocate(void*, unsigned long) [51]
-----------------------------------------------
                0.00    0.00 2621440/2621440     oak_bench() [1]
[52]     0.0    0.00    0.00 2621440         oak::Scene::addComponent(oak::EntityId, unsigned long) [52]
-----------------------------------------------
                0.00    0.00 2621440/2621440     anax_bench() [5]
[53]     0.0    0.00    0.00 2621440         anax::Entity::addComponent(anax::Component*, unsigned long) [53]
-----------------------------------------------
                0.00    0.00 2621440/2621440     anax_bench() [5]
[54]     0.0    0.00    0.00 2621440         anax::detail::EntityComponentStorage::addComponent(anax::Entity&, anax::Component*, unsigned long) [54]
                0.00    0.00 2621440/3670016     anax::Entity::getId() const [50]
-----------------------------------------------
                0.00    0.00 2097152/2097152     oak::EntityCache::update(oak::Scene const&) [11]
[55]     0.0    0.00    0.00 2097152         oak::Scene::getComponentFilter(oak::EntityId) const [55]
-----------------------------------------------
                0.00    0.00 1048576/1048576     anax_bench() [5]
[56]     0.0    0.00    0.00 1048576         anax::World::activateEntity(anax::Entity&) [56]
-----------------------------------------------
                0.00    0.00 1048576/1048576     anax_bench() [5]
[57]     0.0    0.00    0.00 1048576         anax::Entity::activate() [57]
-----------------------------------------------
                0.00    0.00      21/1048576     void std::vector<anax::Entity, std::allocator<anax::Entity> >::_M_emplace_back_aux<anax::World&, anax::Entity::Id>(anax::World&, anax::Entity::Id&&) [71]
                0.00    0.00 1048555/1048576     anax::World::createEntity() [6]
[58]     0.0    0.00    0.00 1048576         anax::Entity::Entity(anax::World&, anax::Entity::Id) [58]
-----------------------------------------------
                0.00    0.00 1048576/1048576     anax::World::createEntity() [6]
[59]     0.0    0.00    0.00 1048576         anax::detail::EntityIdPool::create() [59]
-----------------------------------------------
                0.00    0.00 1048576/1048576     oak::ComponentStorage::addComponent(oak::EntityId) [10]
[60]     0.0    0.00    0.00 1048576         oak::TypeHandle<TransformComponent>::construct(void*) const [60]
-----------------------------------------------
                0.00    0.00  524288/524288      oak::Scene::reset() [3]
[61]     0.0    0.00    0.00  524288         oak::TypeHandle<BoxComponent>::destruct(void*) const [61]
-----------------------------------------------
                0.00    0.00  524288/524288      oak::ComponentStorage::addComponent(oak::EntityId) [10]
[62]     0.0    0.00    0.00  524288         oak::TypeHandle<BoxComponent>::construct(void*) const [62]
-----------------------------------------------
                0.00    0.00  524288/524288      oak::Scene::reset() [3]
[63]     0.0    0.00    0.00  524288         oak::TypeHandle<DrawComponent>::destruct(void*) const [63]
-----------------------------------------------
                0.00    0.00  524288/524288      oak::Scene::reset() [3]
[64]     0.0    0.00    0.00  524288         oak::TypeHandle<VelocityComponent>::destruct(void*) const [64]
-----------------------------------------------
                0.00    0.00  524288/524288      oak::ComponentStorage::addComponent(oak::EntityId) [10]
[65]     0.0    0.00    0.00  524288         oak::TypeHandle<VelocityComponent>::construct(void*) const [65]
-----------------------------------------------
                0.00    0.00    4096/4096        oak::EventManager::clear() [68]
[66]     0.0    0.00    0.00    4096         oak::LinearAllocator::clear() [66]
-----------------------------------------------
                0.00    0.00    2048/2048        anax_bench() [5]
[67]     0.0    0.00    0.00    2048         anax::detail::BaseSystem::getEntities() const [67]
-----------------------------------------------
                0.00    0.00    1024/1024        oak_bench() [1]
[68]     0.0    0.00    0.00    1024         oak::EventManager::clear() [68]
                0.00    0.00    4096/4096        oak::LinearAllocator::clear() [66]
-----------------------------------------------
                0.00    0.00    1024/1024        anax_bench() [5]
[69]     0.0    0.00    0.00    1024         anax::World::refresh() [69]
                0.00    0.00 1048576/3670016     anax::Entity::getId() const [50]
-----------------------------------------------
                0.00    0.00      21/21          anax_bench() [5]
[70]     0.0    0.00    0.00      21         void std::vector<anax::Entity, std::allocator<anax::Entity> >::_M_emplace_back_aux<anax::Entity const&>(anax::Entity const&) [70]
-----------------------------------------------
                0.00    0.00      21/21          anax::World::createEntity() [6]
[71]     0.0    0.00    0.00      21         void std::vector<anax::Entity, std::allocator<anax::Entity> >::_M_emplace_back_aux<anax::World&, anax::Entity::Id>(anax::World&, anax::Entity::Id&&) [71]
                0.00    0.00      21/1048576     anax::Entity::Entity(anax::World&, anax::Entity::Id) [58]
-----------------------------------------------
                0.00    0.00      12/12          oak_bench() [1]
[72]     0.0    0.00    0.00      12         anax_bench()::PSYS::~PSYS() [72]
-----------------------------------------------
                0.00    0.00       6/6           oak::FreelistAllocator::~FreelistAllocator() [116]
[73]     0.0    0.00    0.00       6         oak::ProxyAllocator::deallocate(void*, unsigned long) [73]
-----------------------------------------------
                0.00    0.00       1/6           oak::FreelistAllocator::FreelistAllocator(oak::Allocator*, unsigned long, unsigned int) [115]
                0.00    0.00       5/6           oak::FreelistAllocator::allocate(unsigned long) [22]
[74]     0.0    0.00    0.00       6         oak::ProxyAllocator::allocate(unsigned long) [74]
-----------------------------------------------
                0.00    0.00       4/4           oak_bench() [1]
[75]     0.0    0.00    0.00       4         oak::Scene::addComponentStorage(unsigned long, oak::ComponentStorage&) [75]
-----------------------------------------------
                0.00    0.00       4/4           oak_bench() [1]
[76]     0.0    0.00    0.00       4         std::_Hashtable<std::__cxx11::basic_string<char, std::char_traits<char>, std::scoped_allocator_adaptor<oak::OakAllocator<char>> >, std::pair<std::__cxx11::basic_string<char, std::char_traits<char>, std::scoped_allocator_adaptor<oak::OakAllocator<char>> > const, unsigned long>, std::scoped_allocator_adaptor<oak::OakAllocator<std::pair<std::__cxx11::basic_string<char, std::char_traits<char>, std::scoped_allocator_adaptor<oak::OakAllocator<char>> > const, unsigned long> >>, std::__detail::_Select1st, std::equal_to<std::__cxx11::basic_string<char, std::char_traits<char>, std::scoped_allocator_adaptor<oak::OakAllocator<char>> > >, std::hash<std::__cxx11::basic_string<char, std::char_traits<char>, std::scoped_allocator_adaptor<oak::OakAllocator<char>> > >, std::__detail::_Mod_range_hashing, std::__detail::_Default_ranged_hash, std::__detail::_Prime_rehash_policy, std::__detail::_Hashtable_traits<true, false, true> >::find(std::__cxx11::basic_string<char, std::char_traits<char>, std::scoped_allocator_adaptor<oak::OakAllocator<char>> > const&) const [76]
-----------------------------------------------
                0.00    0.00       1/3           anax_bench() [5]
                0.00    0.00       2/3           oak_bench() [1]
[77]     0.0    0.00    0.00       3         void std::vector<std::pair<std::__cxx11::basic_string<char, std::char_traits<char>, std::allocator<char> >, std::chrono::duration<long, std::ratio<1l, 1000000000l> > >, std::allocator<std::pair<std::__cxx11::basic_string<char, std::char_traits<char>, std::allocator<char> >, std::chrono::duration<long, std::ratio<1l, 1000000000l> > > > >::_M_emplace_back_aux<std::pair<std::__cxx11::basic_string<char, std::char_traits<char>, std::allocator<char> >, std::chrono::duration<long, std::ratio<1l, 1000000000l> > > >(std::pair<std::__cxx11::basic_string<char, std::char_traits<char>, std::allocator<char> >, std::chrono::duration<long, std::ratio<1l, 1000000000l> > >&&) [77]
-----------------------------------------------
                0.00    0.00       2/2           anax_bench() [5]
[78]     0.0    0.00    0.00       2         anax::detail::BaseSystem::BaseSystem(anax::detail::Filter const&) [78]
-----------------------------------------------
                0.00    0.00       2/2           anax_bench() [5]
[79]     0.0    0.00    0.00       2         anax::detail::BaseSystem::~BaseSystem() [79]
-----------------------------------------------
                0.00    0.00       1/1           __libc_csu_init [220]
[80]     0.0    0.00    0.00       1         _GLOBAL__sub_I__Z3pupRN3oak5PuperER18TransformComponentRKNS_7ObjInfoE [80]
-----------------------------------------------
                0.00    0.00       1/1           __libc_csu_init [220]
[81]     0.0    0.00    0.00       1         _GLOBAL__sub_I__ZN3oak11EntityCache6updateERKNS_5SceneE [81]
-----------------------------------------------
                0.00    0.00       1/1           __libc_csu_init [220]
[82]     0.0    0.00    0.00       1         _GLOBAL__sub_I__ZN3oak12oalloc_proxyE [82]
-----------------------------------------------
                0.00    0.00       1/1           __libc_csu_init [220]
[83]     0.0    0.00    0.00       1         _GLOBAL__sub_I__ZN3oak3log4coutE [83]
-----------------------------------------------
                0.00    0.00       1/1           __libc_csu_init [220]
[84]     0.0    0.00    0.00       1         _GLOBAL__sub_I__ZN3oak5Scene12createEntityEv [84]
-----------------------------------------------
                0.00    0.00       1/1           __libc_csu_init [220]
[85]     0.0    0.00    0.00       1         _GLOBAL__sub_I__ZN3oak9AllocatorC2EPS0_j [85]
-----------------------------------------------
                0.00    0.00       1/1           oak_bench() [1]
[86]     0.0    0.00    0.00       1         oak::TypeHandle<BoxComponent>::~TypeHandle() [86]
-----------------------------------------------
                0.00    0.00       1/1           oak_bench() [1]
[87]     0.0    0.00    0.00       1         oak::TypeHandle<DrawComponent>::~TypeHandle() [87]
-----------------------------------------------
                0.00    0.00       1/1           oak_bench() [1]
[88]     0.0    0.00    0.00       1         oak::TypeHandle<VelocityComponent>::~TypeHandle() [88]
-----------------------------------------------
                0.00    0.00       1/1           oak_bench() [1]
[89]     0.0    0.00    0.00       1         oak::TypeHandle<TransformComponent>::~TypeHandle() [89]
-----------------------------------------------
                0.00    0.00       1/1           oak_bench() [1]
[90]     0.0    0.00    0.00       1         oak::EventManager::EventManager() [90]
-----------------------------------------------
                0.00    0.00       1/1           anax_bench() [5]
[91]     0.0    0.00    0.00       1         anax::World::World() [91]
                0.00    0.00       1/1           anax::detail::EntityIdPool::EntityIdPool(unsigned long) [93]
                0.00    0.00       1/1           anax::detail::EntityComponentStorage::EntityComponentStorage(unsigned long) [94]
-----------------------------------------------
                0.00    0.00       1/1           anax_bench() [5]
[92]     0.0    0.00    0.00       1         anax::detail::EntityIdPool::clear() [92]
-----------------------------------------------
                0.00    0.00       1/1           anax::World::World() [91]
[93]     0.0    0.00    0.00       1         anax::detail::EntityIdPool::EntityIdPool(unsigned long) [93]
-----------------------------------------------
                0.00    0.00       1/1           anax::World::World() [91]
[94]     0.0    0.00    0.00       1         anax::detail::EntityComponentStorage::EntityComponentStorage(unsigned long) [94]
-----------------------------------------------

 This table describes the call tree of the program, and was sorted by
 the total amount of time spent in each function and its children.

 Each entry in this table consists of several lines.  The line with the
 index number at the left hand margin lists the current function.
 The lines above it list the functions that called this function,
 and the lines below it list the functions this one called.
 This line lists:
     index	A unique number given to each element of the table.
		Index numbers are sorted numerically.
		The index number is printed next to every function name so
		it is easier to look up where the function is in the table.

     % time	This is the percentage of the `total' time that was spent
		in this function and its children.  Note that due to
		different viewpoints, functions excluded by options, etc,
		these numbers will NOT add up to 100%.

     self	This is the total amount of time spent in this function.

     children	This is the total amount of time propagated into this
		function by its children.

     called	This is the number of times the function was called.
		If the function called itself recursively, the number
		only includes non-recursive calls, and is followed by
		a `+' and the number of recursive calls.

     name	The name of the current function.  The index number is
		printed after it.  If the function is a member of a
		cycle, the cycle number is printed between the
		function's name and the index number.


 For the function's parents, the fields have the following meanings:

     self	This is the amount of time that was propagated directly
		from the function into this parent.

     children	This is the amount of time that was propagated from
		the function's children into this parent.

     called	This is the number of times this parent called the
		function `/' the total number of times the function
		was called.  Recursive calls to the function are not
		included in the number after the `/'.

     name	This is the name of the parent.  The parent's index
		number is printed after it.  If the parent is a
		member of a cycle, the cycle number is printed between
		the name and the index number.

 If the parents of the function cannot be determined, the word
 `<spontaneous>' is printed in the `name' field, and all the other
 fields are blank.

 For the function's children, the fields have the following meanings:

     self	This is the amount of time that was propagated directly
		from the child into the function.

     children	This is the amount of time that was propagated from the
		child's children to the function.

     called	This is the number of times the function called
		this child `/' the total number of times the child
		was called.  Recursive calls by the child are not
		listed in the number after the `/'.

     name	This is the name of the child.  The child's index
		number is printed after it.  If the child is a
		member of a cycle, the cycle number is printed
		between the name and the index number.

 If there are any cycles (circles) in the call graph, there is an
 entry for the cycle-as-a-whole.  This entry shows who called the
 cycle (as parents) and the members of the cycle (as children.)
 The `+' recursive calls entry shows the number of function calls that
 were internal to the cycle, and the calls entry for each member shows,
 for that member, how many times it was called from other members of
 the cycle.

Copyright (C) 2012-2017 Free Software Foundation, Inc.

Copying and distribution of this file, with or without modification,
are permitted in any medium without royalty provided the copyright
notice and this notice are preserved.

Index by function name

  [80] _GLOBAL__sub_I__Z3pupRN3oak5PuperER18TransformComponentRKNS_7ObjInfoE (benchmark.cpp) [40] oak::ComponentStorage::ComponentStorage(oak::TypeHandleBase const*) [63] oak::TypeHandle<DrawComponent>::destruct(void*) const
  [81] _GLOBAL__sub_I__ZN3oak11EntityCache6updateERKNS_5SceneE (entity_cache.cpp) [41] oak::ComponentStorage::~ComponentStorage() [28] oak::TypeHandle<DrawComponent>::construct(void*) const
  [82] _GLOBAL__sub_I__ZN3oak12oalloc_proxyE (oak_alloc.cpp) [29] oak::FreelistAllocator::deallocate(void*, unsigned long) [64] oak::TypeHandle<VelocityComponent>::destruct(void*) const
  [83] _GLOBAL__sub_I__ZN3oak3log4coutE (log.cpp) [22] oak::FreelistAllocator::allocate(unsigned long) [65] oak::TypeHandle<VelocityComponent>::construct(void*) const
  [84] _GLOBAL__sub_I__ZN3oak5Scene12createEntityEv (scene.cpp) [52] oak::Scene::addComponent(oak::EntityId, unsigned long) [23] oak::TypeHandle<TransformComponent>::destruct(void*) const
  [85] _GLOBAL__sub_I__ZN3oak9AllocatorC2EPS0_j (allocators.cpp) [17] oak::Scene::createEntity() [60] oak::TypeHandle<TransformComponent>::construct(void*) const
   [1] oak_bench()            [19] oak::Scene::activateEntity(oak::EntityId) [55] oak::Scene::getComponentFilter(oak::EntityId) const
  [86] oak::TypeHandle<BoxComponent>::~TypeHandle() [75] oak::Scene::addComponentStorage(unsigned long, oak::ComponentStorage&) [50] anax::Entity::getId() const
  [87] oak::TypeHandle<DrawComponent>::~TypeHandle() [3] oak::Scene::reset() [67] anax::detail::BaseSystem::getEntities() const
  [88] oak::TypeHandle<VelocityComponent>::~TypeHandle() [6] anax::World::createEntity() [24] anax::detail::EntityIdPool::getSize() const
  [89] oak::TypeHandle<TransformComponent>::~TypeHandle() [56] anax::World::activateEntity(anax::Entity&) [76] std::_Hashtable<std::__cxx11::basic_string<char, std::char_traits<char>, std::scoped_allocator_adaptor<oak::OakAllocator<char>> >, std::pair<std::__cxx11::basic_string<char, std::char_traits<char>, std::scoped_allocator_adaptor<oak::OakAllocator<char>> > const, unsigned long>, std::scoped_allocator_adaptor<oak::OakAllocator<std::pair<std::__cxx11::basic_string<char, std::char_traits<char>, std::scoped_allocator_adaptor<oak::OakAllocator<char>> > const, unsigned long> >>, std::__detail::_Select1st, std::equal_to<std::__cxx11::basic_string<char, std::char_traits<char>, std::scoped_allocator_adaptor<oak::OakAllocator<char>> > >, std::hash<std::__cxx11::basic_string<char, std::char_traits<char>, std::scoped_allocator_adaptor<oak::OakAllocator<char>> > >, std::__detail::_Mod_range_hashing, std::__detail::_Default_ranged_hash, std::__detail::_Prime_rehash_policy, std::__detail::_Hashtable_traits<true, false, true> >::find(std::__cxx11::basic_string<char, std::char_traits<char>, std::scoped_allocator_adaptor<oak::OakAllocator<char>> > const&) const
  [11] oak::EntityCache::update(oak::Scene const&) [8] anax::World::clear() [42] std::_Hashtable<std::__cxx11::basic_string<char, std::char_traits<char>, std::scoped_allocator_adaptor<oak::OakAllocator<char>> >, std::pair<std::__cxx11::basic_string<char, std::char_traits<char>, std::scoped_allocator_adaptor<oak::OakAllocator<char>> > const, unsigned long>, std::scoped_allocator_adaptor<oak::OakAllocator<std::pair<std::__cxx11::basic_string<char, std::char_traits<char>, std::scoped_allocator_adaptor<oak::OakAllocator<char>> > const, unsigned long> >>, std::__detail::_Select1st, std::equal_to<std::__cxx11::basic_string<char, std::char_traits<char>, std::scoped_allocator_adaptor<oak::OakAllocator<char>> > >, std::hash<std::__cxx11::basic_string<char, std::char_traits<char>, std::scoped_allocator_adaptor<oak::OakAllocator<char>> > >, std::__detail::_Mod_range_hashing, std::__detail::_Default_ranged_hash, std::__detail::_Prime_rehash_policy, std::__detail::_Hashtable_traits<true, false, true> >::_M_insert_unique_node(unsigned long, unsigned long, std::__detail::_Hash_node<std::pair<std::__cxx11::basic_string<char, std::char_traits<char>, std::scoped_allocator_adaptor<oak::OakAllocator<char>> > const, unsigned long>, true>*)
  [13] oak::EntityCache::addEntity(oak::EntityId) [69] anax::World::refresh() [15] void std::vector<oak::EntityId, std::scoped_allocator_adaptor<oak::OakAllocator<oak::EntityId>> >::_M_emplace_back_aux<oak::EntityId const&>(oak::EntityId const&)
  [68] oak::EventManager::clear() [91] anax::World::World() [27] std::vector<anax::World::EntityAttributes::Attribute, std::allocator<anax::World::EntityAttributes::Attribute> >::_M_default_append(unsigned long)
  [90] oak::EventManager::EventManager() [53] anax::Entity::addComponent(anax::Component*, unsigned long) [70] void std::vector<anax::Entity, std::allocator<anax::Entity> >::_M_emplace_back_aux<anax::Entity const&>(anax::Entity const&)
  [31] oak::EventManager::~EventManager() [57] anax::Entity::activate() [71] void std::vector<anax::Entity, std::allocator<anax::Entity> >::_M_emplace_back_aux<anax::World&, anax::Entity::Id>(anax::World&, anax::Entity::Id&&)
  [51] oak::PoolAllocator::deallocate(void*, unsigned long) [58] anax::Entity::Entity(anax::World&, anax::Entity::Id) [7] std::vector<anax::detail::EntityComponentStorage::EntityComponents, std::allocator<anax::detail::EntityComponentStorage::EntityComponents> >::_M_default_append(unsigned long)
  [12] oak::PoolAllocator::allocate(unsigned long) [78] anax::detail::BaseSystem::BaseSystem(anax::detail::Filter const&) [38] std::vector<oak::EventQueueBase*, std::scoped_allocator_adaptor<oak::OakAllocator<oak::EventQueueBase*>> >::_M_default_append(unsigned long)
  [39] oak::PoolAllocator::PoolAllocator(oak::Allocator*, unsigned long, unsigned long, unsigned int) [79] anax::detail::BaseSystem::~BaseSystem() [20] std::vector<void*, std::scoped_allocator_adaptor<oak::OakAllocator<void*>> >::_M_default_append(unsigned long)
  [16] oak::PoolAllocator::~PoolAllocator() [92] anax::detail::EntityIdPool::clear() [35] void std::vector<std::pair<glm::tvec2<float, (glm::precision)0>, unsigned long>, std::scoped_allocator_adaptor<oak::OakAllocator<std::pair<glm::tvec2<float, (glm::precision)0>, unsigned long> >> >::_M_emplace_back_aux<std::pair<glm::tvec2<float, (glm::precision)0>, unsigned long> >(std::pair<glm::tvec2<float, (glm::precision)0>, unsigned long>&&)
  [73] oak::ProxyAllocator::deallocate(void*, unsigned long) [59] anax::detail::EntityIdPool::create() [77] void std::vector<std::pair<std::__cxx11::basic_string<char, std::char_traits<char>, std::allocator<char> >, std::chrono::duration<long, std::ratio<1l, 1000000000l> > >, std::allocator<std::pair<std::__cxx11::basic_string<char, std::char_traits<char>, std::allocator<char> >, std::chrono::duration<long, std::ratio<1l, 1000000000l> > > > >::_M_emplace_back_aux<std::pair<std::__cxx11::basic_string<char, std::char_traits<char>, std::allocator<char> >, std::chrono::duration<long, std::ratio<1l, 1000000000l> > > >(std::pair<std::__cxx11::basic_string<char, std::char_traits<char>, std::allocator<char> >, std::chrono::duration<long, std::ratio<1l, 1000000000l> > >&&)
  [74] oak::ProxyAllocator::allocate(unsigned long) [25] anax::detail::EntityIdPool::resize(unsigned long) [21] std::vector<std::bitset<4ul>, std::scoped_allocator_adaptor<oak::OakAllocator<std::bitset<4ul> >> >::_M_default_append(unsigned long)
  [66] oak::LinearAllocator::clear() [93] anax::detail::EntityIdPool::EntityIdPool(unsigned long) [33] std::vector<std::bitset<64ul>, std::scoped_allocator_adaptor<oak::OakAllocator<std::bitset<64ul> >> >::_M_default_append(unsigned long)
  [18] oak::LinearAllocator::allocate(unsigned long) [54] anax::detail::EntityComponentStorage::addComponent(anax::Entity&, anax::Component*, unsigned long) [14] std::vector<bool, std::scoped_allocator_adaptor<oak::OakAllocator<bool>> >::_M_fill_insert(std::_Bit_iterator, unsigned long, bool)
  [37] oak::LinearAllocator::LinearAllocator(oak::Allocator*, unsigned long, unsigned int) [9] anax::detail::EntityComponentStorage::clear() [34] void std::vector<unsigned int, std::scoped_allocator_adaptor<oak::OakAllocator<unsigned int>> >::_M_emplace_back_aux<unsigned int>(unsigned int&&)
  [32] oak::LinearAllocator::~LinearAllocator() [26] anax::detail::EntityComponentStorage::resize(unsigned long) [36] std::__detail::_Map_base<std::__cxx11::basic_string<char, std::char_traits<char>, std::scoped_allocator_adaptor<oak::OakAllocator<char>> >, std::pair<std::__cxx11::basic_string<char, std::char_traits<char>, std::scoped_allocator_adaptor<oak::OakAllocator<char>> > const, unsigned long>, std::scoped_allocator_adaptor<oak::OakAllocator<std::pair<std::__cxx11::basic_string<char, std::char_traits<char>, std::scoped_allocator_adaptor<oak::OakAllocator<char>> > const, unsigned long> >>, std::__detail::_Select1st, std::equal_to<std::__cxx11::basic_string<char, std::char_traits<char>, std::scoped_allocator_adaptor<oak::OakAllocator<char>> > >, std::hash<std::__cxx11::basic_string<char, std::char_traits<char>, std::scoped_allocator_adaptor<oak::OakAllocator<char>> > >, std::__detail::_Mod_range_hashing, std::__detail::_Default_ranged_hash, std::__detail::_Prime_rehash_policy, std::__detail::_Hashtable_traits<true, false, true>, true>::operator[](std::__cxx11::basic_string<char, std::char_traits<char>, std::scoped_allocator_adaptor<oak::OakAllocator<char>> > const&)
  [10] oak::ComponentStorage::addComponent(oak::EntityId) [94] anax::detail::EntityComponentStorage::EntityComponentStorage(unsigned long) [30] void std::__introsort_loop<__gnu_cxx::__normal_iterator<oak::EntityId*, std::vector<oak::EntityId, std::scoped_allocator_adaptor<oak::OakAllocator<oak::EntityId>> > >, long, __gnu_cxx::__ops::_Iter_comp_iter<oak::EntityCache::sort()::{lambda(oak::EntityId const&, oak::EntityId const&)#1}> >(__gnu_cxx::__normal_iterator<oak::EntityId*, std::vector<oak::EntityId, std::scoped_allocator_adaptor<oak::OakAllocator<oak::EntityId>> > >, __gnu_cxx::__ops::_Iter_comp_iter<oak::EntityCache::sort()::{lambda(oak::EntityId const&, oak::EntityId const&)#1}>, long, __gnu_cxx::__ops::_Iter_comp_iter<oak::EntityCache::sort()::{lambda(oak::EntityId const&, oak::EntityId const&)#1}>) (stl_algo.h)
   [2] oak::ComponentStorage::getComponent(oak::EntityId) [61] oak::TypeHandle<BoxComponent>::destruct(void*) const [72] anax_bench()::PSYS::~PSYS() (benchmark.cpp)
   [4] oak::ComponentStorage::removeComponent(oak::EntityId) [62] oak::TypeHandle<BoxComponent>::construct(void*) const
